/*C3*/SET SCHEMA PUBLIC
CONNECT USER SA
DISCONNECT
/*C4*/SET SCHEMA PUBLIC
CONNECT USER SA
INSERT INTO ESTADO VALUES(1,0,'Goi\u00e1s','GO')
INSERT INTO ESTADO VALUES(2,0,'Rio de Janeiro','RJ')
INSERT INTO INSTITUICAO VALUES(1,0,'Departamento de Tr\u00e2nsito de Goi\u00e1s','DETRAN-GO','http://www.detran.go.gov','(62) 3333-2222')
INSERT INTO INSTITUICAO VALUES(2,0,'Universidade Federal de Goi\u00e1s','UFG','http://www.ufg.br','(62) 6261-9172')
INSERT INTO CONCURSO VALUES(1,0,'Sa\u00fade','2012-04-15 00:00:00.000000000','2012-06-15 00:00:00.000000000','2012-05-15 00:00:00.000000000','A Ag\u00eancia de \u00c1guas da Bahia Hidrogr\u00e1fica do Rio Doce (AGB Doce), Governador Valadares, Minas Gerais, realiza concurso para provimento de 6 vagas.',1,1,'M\u00e9dio e Superior','Ag\u00eancia de \u00c1guas da Bahia Hidrogr\u00e1fica do Rio Doce',2000.0E0,1000.0E0,0,50)
INSERT INTO CONCURSO VALUES(2,0,'Sa\u00fade','2012-05-18 00:00:00.000000000','2012-06-25 00:00:00.000000000','2012-06-20 00:00:00.000000000','A C\u00e2mara e a Prefeitura Municipal de Bituruna, Paran\u00e1, realiza concurso para provimento de vagas',2,2,'Superior','C\u00e2mara e a Prefeitura Municipal de Bituruna',5000.0E0,3000.0E0,0,6)
INSERT INTO DOCUMENTO VALUES(1,0,1,NULL,'Edital',NULL,NULL)
SET AUTOCOMMIT FALSE
DELETE FROM DOCUMENTO WHERE ID=1
INSERT INTO DOCUMENTO VALUES(1,1,1,'application/pdf','Edital','extrato.pdf','5a7cc010-6fa6-407b-986b-24b5992fea59')
SET AUTOCOMMIT TRUE
INSERT INTO DOCUMENTO VALUES(2,0,1,NULL,'Resultados',NULL,NULL)
SET AUTOCOMMIT FALSE
DELETE FROM DOCUMENTO WHERE ID=2
INSERT INTO DOCUMENTO VALUES(2,1,1,'application/pdf','Resultados','visa_marco.pdf','d2231f76-2ec3-4e1b-b521-7eefdc2a9c6f')
SET AUTOCOMMIT TRUE
